<?xml version="1.0" encoding="UTF-8"?>
<!-- Generated by org.testng.reporters.JUnitReportReporter -->
<testsuite skipped="4" hostname="LAPTOP-JUJF8RV2" name="Runner.TC002CreateLeadRunTest" tests="4" failures="0" timestamp="14 May 2019 19:08:46 GMT" time="0.178" errors="0">
  <testcase name="runScenario" time="0.003" classname="Runner.TC002CreateLeadRunTest">
    <skipped/>
  </testcase> <!-- runScenario -->
  <testcase name="runScenario" time="0.170" classname="Runner.TC002CreateLeadRunTest">
    <skipped/>
  </testcase> <!-- runScenario -->
  <testcase name="runScenario" time="0.003" classname="Runner.TC002CreateLeadRunTest">
    <skipped/>
  </testcase> <!-- runScenario -->
  <testcase name="runScenario" time="0.002" classname="Runner.TC002CreateLeadRunTest">
    <skipped/>
  </testcase> <!-- runScenario -->
</testsuite> <!-- Runner.TC002CreateLeadRunTest -->
