<?xml version="1.0" encoding="UTF-8"?>
<!-- Generated by org.testng.reporters.JUnitReportReporter -->
<testsuite skipped="0" hostname="LAPTOP-JUJF8RV2" name="week5.day1.DeleteLead" tests="1" failures="0" timestamp="04 May 2019 10:19:06 GMT" time="14.682" errors="0">
  <testcase name="runDelete" time="14.682" classname="week5.day1.DeleteLead"/>
</testsuite> <!-- week5.day1.DeleteLead -->
