<?xml version="1.0" encoding="UTF-8"?>
<!-- Generated by org.testng.reporters.JUnitReportReporter -->
<testsuite skipped="0" hostname="LAPTOP-JUJF8RV2" name="runner.TC0002CreateLeadRunTest" tests="4" failures="0" timestamp="17 May 2019 08:43:31 GMT" time="41.767" errors="0">
  <testcase name="runScenario" time="10.713" classname="runner.TC0002CreateLeadRunTest"/>
  <testcase name="runScenario" time="9.543" classname="runner.TC0002CreateLeadRunTest"/>
  <testcase name="runScenario" time="11.931" classname="runner.TC0002CreateLeadRunTest"/>
  <testcase name="runScenario" time="9.580" classname="runner.TC0002CreateLeadRunTest"/>
</testsuite> <!-- runner.TC0002CreateLeadRunTest -->
