<?xml version="1.0" encoding="UTF-8"?>
<!-- Generated by org.testng.reporters.JUnitReportReporter -->
<testsuite skipped="0" hostname="LAPTOP-JUJF8RV2" name="Runner.CreateLeadRunTest" tests="6" failures="0" timestamp="13 May 2019 02:30:48 GMT" time="58.534" errors="0">
  <testcase name="runScenario" time="8.290" classname="Runner.CreateLeadRunTest"/>
  <testcase name="runScenario" time="17.493" classname="Runner.CreateLeadRunTest"/>
  <testcase name="runScenario" time="7.501" classname="Runner.CreateLeadRunTest"/>
  <testcase name="runScenario" time="10.047" classname="Runner.CreateLeadRunTest"/>
  <testcase name="runScenario" time="7.685" classname="Runner.CreateLeadRunTest"/>
  <testcase name="runScenario" time="7.518" classname="Runner.CreateLeadRunTest"/>
</testsuite> <!-- Runner.CreateLeadRunTest -->
