<?xml version="1.0" encoding="UTF-8"?>
<!-- Generated by org.testng.reporters.JUnitReportReporter -->
<testsuite skipped="0" hostname="LAPTOP-JUJF8RV2" name="week5.day1.DuplicateLead" tests="1" failures="0" timestamp="04 May 2019 10:19:06 GMT" time="14.497" errors="0">
  <testcase name="runDuplicate" time="14.497" classname="week5.day1.DuplicateLead"/>
</testsuite> <!-- week5.day1.DuplicateLead -->
