<?xml version="1.0" encoding="UTF-8"?>
<!-- Generated by org.testng.reporters.JUnitReportReporter -->
<testsuite skipped="0" hostname="LAPTOP-JUJF8RV2" name="runner.TC0001LoginRunTest" tests="14" failures="0" timestamp="17 May 2019 08:57:30 GMT" time="190.638" errors="0">
  <testcase name="runScenario" time="8.189" classname="runner.TC0001LoginRunTest"/>
  <testcase name="runScenario" time="15.854" classname="runner.TC0001LoginRunTest"/>
  <testcase name="runScenario" time="15.997" classname="runner.TC0001LoginRunTest"/>
  <testcase name="runScenario" time="24.991" classname="runner.TC0001LoginRunTest"/>
  <testcase name="runScenario" time="9.731" classname="runner.TC0001LoginRunTest"/>
  <testcase name="runScenario" time="16.071" classname="runner.TC0001LoginRunTest"/>
  <testcase name="runScenario" time="16.987" classname="runner.TC0001LoginRunTest"/>
  <testcase name="runScenario" time="9.054" classname="runner.TC0001LoginRunTest"/>
  <testcase name="runScenario" time="16.979" classname="runner.TC0001LoginRunTest"/>
  <testcase name="runScenario" time="5.378" classname="runner.TC0001LoginRunTest"/>
  <testcase name="runScenario" time="15.439" classname="runner.TC0001LoginRunTest"/>
  <testcase name="runScenario" time="10.777" classname="runner.TC0001LoginRunTest"/>
  <testcase name="runScenario" time="9.644" classname="runner.TC0001LoginRunTest"/>
  <testcase name="runScenario" time="15.547" classname="runner.TC0001LoginRunTest"/>
</testsuite> <!-- runner.TC0001LoginRunTest -->
