<?xml version="1.0" encoding="UTF-8"?>
<!-- Generated by org.testng.reporters.JUnitReportReporter -->
<testsuite skipped="0" hostname="LAPTOP-JUJF8RV2" name="week5.day1.homework.Annections" tests="2" failures="0" timestamp="10 May 2019 18:04:05 GMT" time="0.010" errors="0">
  <testcase name="f1" time="0.005" classname="week5.day1.homework.Annections"/>
  <testcase name="f" time="0.005" classname="week5.day1.homework.Annections"/>
</testsuite> <!-- week5.day1.homework.Annections -->
