<?xml version="1.0" encoding="UTF-8"?>
<!-- Generated by org.testng.reporters.JUnitReportReporter -->
<testsuite skipped="0" hostname="LAPTOP-JUJF8RV2" name="week5.day1.homework.DeleteLead" tests="2" failures="0" timestamp="05 May 2019 12:04:56 GMT" time="31.569" errors="0">
  <testcase name="runDelete" time="15.825" classname="week5.day1.homework.DeleteLead"/>
  <testcase name="runDelete" time="15.744" classname="week5.day1.homework.DeleteLead"/>
</testsuite> <!-- week5.day1.homework.DeleteLead -->
