<?xml version="1.0" encoding="UTF-8"?>
<!-- Generated by org.testng.reporters.JUnitReportReporter -->
<testsuite skipped="4" hostname="LAPTOP-JUJF8RV2" name="Runner.TC003EditLeadRunTest" tests="4" failures="0" timestamp="14 May 2019 19:33:40 GMT" time="0.391" errors="0">
  <testcase name="runScenario" time="0.007" classname="Runner.TC003EditLeadRunTest">
    <skipped/>
  </testcase> <!-- runScenario -->
  <testcase name="runScenario" time="0.374" classname="Runner.TC003EditLeadRunTest">
    <skipped/>
  </testcase> <!-- runScenario -->
  <testcase name="runScenario" time="0.004" classname="Runner.TC003EditLeadRunTest">
    <skipped/>
  </testcase> <!-- runScenario -->
  <testcase name="runScenario" time="0.006" classname="Runner.TC003EditLeadRunTest">
    <skipped/>
  </testcase> <!-- runScenario -->
</testsuite> <!-- Runner.TC003EditLeadRunTest -->
