<?xml version="1.0" encoding="UTF-8"?>
<!-- Generated by org.testng.reporters.JUnitReportReporter -->
<testsuite skipped="0" hostname="LAPTOP-JUJF8RV2" name="testngWorkings.EditLead" tests="2" failures="0" timestamp="12 May 2019 15:07:37 GMT" time="28.338" errors="0">
  <testcase name="runEdit" time="14.408" classname="testngWorkings.EditLead"/>
  <testcase name="runEdit" time="13.930" classname="testngWorkings.EditLead"/>
</testsuite> <!-- testngWorkings.EditLead -->
