<?xml version="1.0" encoding="UTF-8"?>
<!-- Generated by org.testng.reporters.JUnitReportReporter -->
<testsuite skipped="0" hostname="LAPTOP-JUJF8RV2" name="testngWorkings.DuplicateLead" tests="1" failures="0" timestamp="12 May 2019 15:07:37 GMT" time="13.963" errors="0">
  <testcase name="runDuplicate" time="13.963" classname="testngWorkings.DuplicateLead"/>
</testsuite> <!-- testngWorkings.DuplicateLead -->
