<?xml version="1.0" encoding="UTF-8"?>
<!-- Generated by org.testng.reporters.JUnitReportReporter -->
<testsuite skipped="0" hostname="LAPTOP-JUJF8RV2" name="week5.day2.NewTest2" tests="6" failures="0" timestamp="09 May 2019 16:21:43 GMT" time="0.014" errors="0">
  <testcase name="testMethod" time="0.001" classname="week5.day2.NewTest2"/>
  <testcase name="testMethod" time="0.001" classname="week5.day2.NewTest2"/>
  <testcase name="testMethod" time="0.002" classname="week5.day2.NewTest2"/>
  <testcase name="testMethod" time="0.001" classname="week5.day2.NewTest2"/>
  <testcase name="testMethod" time="0.001" classname="week5.day2.NewTest2"/>
  <testcase name="testMethod" time="0.008" classname="week5.day2.NewTest2"/>
</testsuite> <!-- week5.day2.NewTest2 -->
