<?xml version="1.0" encoding="UTF-8"?>
<!-- Generated by org.testng.reporters.JUnitReportReporter -->
<testsuite skipped="0" hostname="LAPTOP-JUJF8RV2" name="week5.day1.homework.EditLead" tests="4" failures="0" timestamp="05 May 2019 12:04:56 GMT" time="63.352" errors="0">
  <testcase name="runEdit" time="15.067" classname="week5.day1.homework.EditLead"/>
  <testcase name="runEdit" time="16.677" classname="week5.day1.homework.EditLead"/>
  <testcase name="runEdit" time="15.929" classname="week5.day1.homework.EditLead"/>
  <testcase name="runEdit" time="15.679" classname="week5.day1.homework.EditLead"/>
</testsuite> <!-- week5.day1.homework.EditLead -->
