<?xml version="1.0" encoding="UTF-8"?>
<!-- Generated by org.testng.reporters.JUnitReportReporter -->
<testsuite skipped="2" hostname="LAPTOP-JUJF8RV2" name="runnerClass.TC001LoginLeadRunTest" tests="2" failures="0" timestamp="14 May 2019 19:44:17 GMT" time="0.206" errors="0">
  <testcase name="runScenario" time="0.002" classname="runnerClass.TC001LoginLeadRunTest">
    <skipped/>
  </testcase> <!-- runScenario -->
  <testcase name="runScenario" time="0.204" classname="runnerClass.TC001LoginLeadRunTest">
    <skipped/>
  </testcase> <!-- runScenario -->
</testsuite> <!-- runnerClass.TC001LoginLeadRunTest -->
