<?xml version="1.0" encoding="UTF-8"?>
<!-- Generated by org.testng.reporters.JUnitReportReporter -->
<testsuite skipped="0" hostname="LAPTOP-JUJF8RV2" name="week5.day1.homework.DuplicateLead" tests="4" failures="0" timestamp="05 May 2019 12:04:56 GMT" time="57.198" errors="0">
  <testcase name="runDuplicate" time="15.130" classname="week5.day1.homework.DuplicateLead"/>
  <testcase name="runDuplicate" time="13.929" classname="week5.day1.homework.DuplicateLead"/>
  <testcase name="runDuplicate" time="14.201" classname="week5.day1.homework.DuplicateLead"/>
  <testcase name="runDuplicate" time="13.938" classname="week5.day1.homework.DuplicateLead"/>
</testsuite> <!-- week5.day1.homework.DuplicateLead -->
