<?xml version="1.0" encoding="UTF-8"?>
<!-- Generated by org.testng.reporters.JUnitReportReporter -->
<testsuite skipped="0" hostname="LAPTOP-JUJF8RV2" name="week5.day2.Test" tests="4" failures="0" timestamp="10 May 2019 17:55:04 GMT" time="0.011" errors="0">
  <testcase name="c" time="0.008" classname="week5.day2.Test"/>
  <testcase name="b" time="0.001" classname="week5.day2.Test"/>
  <testcase name="a" time="0.001" classname="week5.day2.Test"/>
  <testcase name="d" time="0.001" classname="week5.day2.Test"/>
</testsuite> <!-- week5.day2.Test -->
