<?xml version="1.0" encoding="UTF-8"?>
<!-- Generated by org.testng.reporters.JUnitReportReporter -->
<testsuite skipped="0" hostname="LAPTOP-JUJF8RV2" name="Runner.TC001LoginRunTest$TC002CreateLeadRunTest" tests="6" failures="0" timestamp="13 May 2019 03:05:08 GMT" time="25.676" errors="6">
  <testcase name="runScenario" time="5.107" classname="Runner.TC001LoginRunTest$TC002CreateLeadRunTest">
    <error type="java.lang.NullPointerException">
      <![CDATA[java.lang.NullPointerException
at Steps.CreateLeadSteps.enterTheUsername(CreateLeadSteps.java:16)
at ✽.Enter the username as demosalesmanager(src\test\java\Features\CreateLead.feature:3)
]]>
    </error>
  </testcase> <!-- runScenario -->
  <testcase name="runScenario" time="4.107" classname="Runner.TC001LoginRunTest$TC002CreateLeadRunTest">
    <error type="java.lang.NullPointerException">
      <![CDATA[java.lang.NullPointerException
at Steps.CreateLeadSteps.enterTheUsername(CreateLeadSteps.java:16)
at ✽.Enter the username as demosalesmanager(src\test\java\Features\CreateLead.feature:3)
]]>
    </error>
  </testcase> <!-- runScenario -->
  <testcase name="runScenario" time="4.132" classname="Runner.TC001LoginRunTest$TC002CreateLeadRunTest">
    <error type="java.lang.NullPointerException">
      <![CDATA[java.lang.NullPointerException
at Steps.CreateLeadSteps.enterTheUsername(CreateLeadSteps.java:16)
at ✽.Enter the username as demosalesmanager(src\test\java\Features\CreateLead.feature:3)
]]>
    </error>
  </testcase> <!-- runScenario -->
  <testcase name="runScenario" time="4.117" classname="Runner.TC001LoginRunTest$TC002CreateLeadRunTest">
    <error type="java.lang.NullPointerException">
      <![CDATA[java.lang.NullPointerException
at Steps.CreateLeadSteps.enterTheUsername(CreateLeadSteps.java:16)
at ✽.Enter the username as demosalesmanager(src\test\java\Features\CreateLead.feature:3)
]]>
    </error>
  </testcase> <!-- runScenario -->
  <testcase name="runScenario" time="4.122" classname="Runner.TC001LoginRunTest$TC002CreateLeadRunTest">
    <error type="java.lang.NullPointerException">
      <![CDATA[java.lang.NullPointerException
at Steps.CreateLeadSteps.enterTheUsername(CreateLeadSteps.java:16)
at ✽.Enter the username as demosalesmanager(src\test\java\Features\CreateLead.feature:3)
]]>
    </error>
  </testcase> <!-- runScenario -->
  <testcase name="runScenario" time="4.091" classname="Runner.TC001LoginRunTest$TC002CreateLeadRunTest">
    <error type="java.lang.NullPointerException">
      <![CDATA[java.lang.NullPointerException
at Steps.CreateLeadSteps.enterTheUsername(CreateLeadSteps.java:16)
at ✽.Enter the username as demosalesmanager(src\test\java\Features\CreateLead.feature:3)
]]>
    </error>
  </testcase> <!-- runScenario -->
</testsuite> <!-- Runner.TC001LoginRunTest$TC002CreateLeadRunTest -->
