<?xml version="1.0" encoding="UTF-8"?>
<!-- Generated by org.testng.reporters.JUnitReportReporter -->
<testsuite skipped="0" hostname="LAPTOP-JUJF8RV2" name="week5.day1.homework.MergeLead" tests="4" failures="0" timestamp="05 May 2019 12:04:55 GMT" time="114.067" errors="0">
  <testcase name="runMerge" time="27.935" classname="week5.day1.homework.MergeLead"/>
  <testcase name="runMerge" time="29.524" classname="week5.day1.homework.MergeLead"/>
  <testcase name="runMerge" time="27.878" classname="week5.day1.homework.MergeLead"/>
  <testcase name="runMerge" time="28.730" classname="week5.day1.homework.MergeLead"/>
</testsuite> <!-- week5.day1.homework.MergeLead -->
