<?xml version="1.0" encoding="UTF-8"?>
<!-- Generated by org.testng.reporters.JUnitReportReporter -->
<testsuite skipped="1" hostname="LAPTOP-JUJF8RV2" name="Runner.TC003MergeLeadRunTest" tests="1" failures="0" timestamp="14 May 2019 03:37:24 GMT" time="0.111" errors="0">
  <testcase name="runScenario" time="0.111" classname="Runner.TC003MergeLeadRunTest">
    <skipped/>
  </testcase> <!-- runScenario -->
</testsuite> <!-- Runner.TC003MergeLeadRunTest -->
