<?xml version="1.0" encoding="UTF-8"?>
<!-- Generated by org.testng.reporters.JUnitReportReporter -->
<testsuite skipped="0" hostname="LAPTOP-JUJF8RV2" name="week5.day1.CreateLead" tests="1" failures="0" timestamp="04 May 2019 12:09:26 GMT" time="13.792" errors="0">
  <testcase name="runCreateLead" time="13.792" classname="week5.day1.CreateLead"/>
</testsuite> <!-- week5.day1.CreateLead -->
