<?xml version="1.0" encoding="UTF-8"?>
<!-- Generated by org.testng.reporters.JUnitReportReporter -->
<testsuite skipped="0" hostname="LAPTOP-JUJF8RV2" name="runner.TC0002DeleteLeadRunTest" tests="2" failures="0" timestamp="17 May 2019 08:46:54 GMT" time="38.404" errors="0">
  <testcase name="runScenario" time="18.677" classname="runner.TC0002DeleteLeadRunTest"/>
  <testcase name="runScenario" time="19.727" classname="runner.TC0002DeleteLeadRunTest"/>
</testsuite> <!-- runner.TC0002DeleteLeadRunTest -->
