<?xml version="1.0" encoding="UTF-8"?>
<!-- Generated by org.testng.reporters.JUnitReportReporter -->
<testsuite skipped="0" hostname="LAPTOP-JUJF8RV2" name="week5.day2.NewTest" tests="2" failures="0" timestamp="08 May 2019 10:59:53 GMT" time="0.006" errors="0">
  <testcase name="f" time="0.001" classname="week5.day2.NewTest"/>
  <testcase name="f" time="0.005" classname="week5.day2.NewTest"/>
</testsuite> <!-- week5.day2.NewTest -->
