<?xml version="1.0" encoding="UTF-8"?>
<!-- Generated by org.testng.reporters.JUnitReportReporter -->
<testsuite skipped="4" hostname="LAPTOP-JUJF8RV2" name="Runner.TC002CLeadRunTest" tests="4" failures="0" timestamp="14 May 2019 19:33:22 GMT" time="0.391" errors="0">
  <testcase name="runScenario" time="0.005" classname="Runner.TC002CLeadRunTest">
    <skipped/>
  </testcase> <!-- runScenario -->
  <testcase name="runScenario" time="0.380" classname="Runner.TC002CLeadRunTest">
    <skipped/>
  </testcase> <!-- runScenario -->
  <testcase name="runScenario" time="0.002" classname="Runner.TC002CLeadRunTest">
    <skipped/>
  </testcase> <!-- runScenario -->
  <testcase name="runScenario" time="0.004" classname="Runner.TC002CLeadRunTest">
    <skipped/>
  </testcase> <!-- runScenario -->
</testsuite> <!-- Runner.TC002CLeadRunTest -->
