<?xml version="1.0" encoding="UTF-8"?>
<!-- Generated by org.testng.reporters.JUnitReportReporter -->
<testsuite skipped="2" hostname="LAPTOP-JUJF8RV2" name="Runner.TC006DeleteLeadRunTest" tests="2" failures="0" timestamp="14 May 2019 19:34:16 GMT" time="0.166" errors="0">
  <testcase name="runScenario" time="0.003" classname="Runner.TC006DeleteLeadRunTest">
    <skipped/>
  </testcase> <!-- runScenario -->
  <testcase name="runScenario" time="0.163" classname="Runner.TC006DeleteLeadRunTest">
    <skipped/>
  </testcase> <!-- runScenario -->
</testsuite> <!-- Runner.TC006DeleteLeadRunTest -->
