<?xml version="1.0" encoding="UTF-8"?>
<!-- Generated by org.testng.reporters.JUnitReportReporter -->
<testsuite skipped="0" hostname="LAPTOP-JUJF8RV2" name="week5.day1.Annections" tests="2" failures="0" timestamp="04 May 2019 17:27:00 GMT" time="0.012" errors="0">
  <testcase name="f1" time="0.007" classname="week5.day1.Annections"/>
  <testcase name="f" time="0.005" classname="week5.day1.Annections"/>
</testsuite> <!-- week5.day1.Annections -->
