<?xml version="1.0" encoding="UTF-8"?>
<!-- Generated by org.testng.reporters.JUnitReportReporter -->
<testsuite skipped="0" hostname="LAPTOP-JUJF8RV2" name="runner.TC0005DuplicateLeadRunTest" tests="1" failures="0" timestamp="17 May 2019 08:46:03 GMT" time="17.086" errors="0">
  <testcase name="runScenario" time="17.086" classname="runner.TC0005DuplicateLeadRunTest"/>
</testsuite> <!-- runner.TC0005DuplicateLeadRunTest -->
