<?xml version="1.0" encoding="UTF-8"?>
<!-- Generated by org.testng.reporters.JUnitReportReporter -->
<testsuite skipped="0" hostname="LAPTOP-JUJF8RV2" name="testngWorkings.CreateLead" tests="2" failures="0" timestamp="12 May 2019 15:07:37 GMT" time="19.258" errors="0">
  <testcase name="runCreateLead" time="9.845" classname="testngWorkings.CreateLead"/>
  <testcase name="runCreateLead" time="9.413" classname="testngWorkings.CreateLead"/>
</testsuite> <!-- testngWorkings.CreateLead -->
