<?xml version="1.0" encoding="UTF-8"?>
<!-- Generated by org.testng.reporters.JUnitReportReporter -->
<testsuite skipped="0" hostname="LAPTOP-JUJF8RV2" name="week5.day1.homework.SubClass" tests="1" failures="0" timestamp="04 May 2019 17:34:34 GMT" time="0.006" errors="0">
  <testcase name="f" time="0.006" classname="week5.day1.homework.SubClass"/>
</testsuite> <!-- week5.day1.homework.SubClass -->
