<?xml version="1.0" encoding="UTF-8"?>
<!-- Generated by org.testng.reporters.JUnitReportReporter -->
<testsuite skipped="0" hostname="LAPTOP-JUJF8RV2" name="testngWorkings.DeleteLead" tests="2" failures="0" timestamp="12 May 2019 15:07:37 GMT" time="30.757" errors="0">
  <testcase name="runDelete" time="15.675" classname="testngWorkings.DeleteLead"/>
  <testcase name="runDelete" time="15.082" classname="testngWorkings.DeleteLead"/>
</testsuite> <!-- testngWorkings.DeleteLead -->
