<?xml version="1.0" encoding="UTF-8"?>
<!-- Generated by org.testng.reporters.JUnitReportReporter -->
<testsuite skipped="0" hostname="LAPTOP-JUJF8RV2" name="week5.day1.homework.CreateLead" tests="4" failures="0" timestamp="05 May 2019 12:04:55 GMT" time="59.203" errors="0">
  <testcase name="runCreateLead" time="13.924" classname="week5.day1.homework.CreateLead"/>
  <testcase name="runCreateLead" time="17.422" classname="week5.day1.homework.CreateLead"/>
  <testcase name="runCreateLead" time="13.361" classname="week5.day1.homework.CreateLead"/>
  <testcase name="runCreateLead" time="14.496" classname="week5.day1.homework.CreateLead"/>
</testsuite> <!-- week5.day1.homework.CreateLead -->
