<?xml version="1.0" encoding="UTF-8"?>
<!-- Generated by org.testng.reporters.JUnitReportReporter -->
<testsuite skipped="2" hostname="LAPTOP-JUJF8RV2" name="Runner.LoginRunTest" tests="2" failures="0" timestamp="11 May 2019 17:47:02 GMT" time="0.158" errors="0">
  <testcase name="runScenario" time="0.148" classname="Runner.LoginRunTest">
    <skipped/>
  </testcase> <!-- runScenario -->
  <testcase name="runScenario" time="0.010" classname="Runner.LoginRunTest">
    <skipped/>
  </testcase> <!-- runScenario -->
</testsuite> <!-- Runner.LoginRunTest -->
