<?xml version="1.0" encoding="UTF-8"?>
<!-- Generated by org.testng.reporters.JUnitReportReporter -->
<testsuite skipped="0" hostname="LAPTOP-JUJF8RV2" name="runner.TC0003EditLeadRunTest" tests="4" failures="0" timestamp="17 May 2019 08:44:48 GMT" time="63.489" errors="0">
  <testcase name="runScenario" time="16.606" classname="runner.TC0003EditLeadRunTest"/>
  <testcase name="runScenario" time="16.785" classname="runner.TC0003EditLeadRunTest"/>
  <testcase name="runScenario" time="15.359" classname="runner.TC0003EditLeadRunTest"/>
  <testcase name="runScenario" time="14.739" classname="runner.TC0003EditLeadRunTest"/>
</testsuite> <!-- runner.TC0003EditLeadRunTest -->
