<?xml version="1.0" encoding="UTF-8"?>
<!-- Generated by org.testng.reporters.JUnitReportReporter -->
<testsuite skipped="2" hostname="LAPTOP-JUJF8RV2" name="Runner.TC001LoginLeadRunTest" tests="2" failures="0" timestamp="14 May 2019 19:31:47 GMT" time="0.215" errors="0">
  <testcase name="runScenario" time="0.005" classname="Runner.TC001LoginLeadRunTest">
    <skipped/>
  </testcase> <!-- runScenario -->
  <testcase name="runScenario" time="0.210" classname="Runner.TC001LoginLeadRunTest">
    <skipped/>
  </testcase> <!-- runScenario -->
</testsuite> <!-- Runner.TC001LoginLeadRunTest -->
