<?xml version="1.0" encoding="UTF-8"?>
<!-- Generated by org.testng.reporters.JUnitReportReporter -->
<testsuite skipped="2" hostname="LAPTOP-JUJF8RV2" name="Runner.TC001LoginRunTest" tests="2" failures="0" timestamp="14 May 2019 19:19:41 GMT" time="0.392" errors="0">
  <testcase name="runScenario" time="0.004" classname="Runner.TC001LoginRunTest">
    <skipped/>
  </testcase> <!-- runScenario -->
  <testcase name="runScenario" time="0.388" classname="Runner.TC001LoginRunTest">
    <skipped/>
  </testcase> <!-- runScenario -->
</testsuite> <!-- Runner.TC001LoginRunTest -->
