<?xml version="1.0" encoding="UTF-8"?>
<!-- Generated by org.testng.reporters.JUnitReportReporter -->
<testsuite skipped="0" hostname="LAPTOP-JUJF8RV2" name="runner.TC0004MergeLeadRunTest" tests="1" failures="0" timestamp="17 May 2019 08:45:35 GMT" time="26.777" errors="0">
  <testcase name="runScenario" time="26.777" classname="runner.TC0004MergeLeadRunTest"/>
</testsuite> <!-- runner.TC0004MergeLeadRunTest -->
