<?xml version="1.0" encoding="UTF-8"?>
<!-- Generated by org.testng.reporters.JUnitReportReporter -->
<testsuite skipped="2" hostname="LAPTOP-JUJF8RV2" name="runnerClass.TC006DeleteLeadRunTest" tests="2" failures="0" timestamp="14 May 2019 19:41:46 GMT" time="0.172" errors="0">
  <testcase name="runScenario" time="0.002" classname="runnerClass.TC006DeleteLeadRunTest">
    <skipped/>
  </testcase> <!-- runScenario -->
  <testcase name="runScenario" time="0.170" classname="runnerClass.TC006DeleteLeadRunTest">
    <skipped/>
  </testcase> <!-- runScenario -->
</testsuite> <!-- runnerClass.TC006DeleteLeadRunTest -->
